<?xml version="1.0" encoding="UTF-8"?>
<!-- Generated by org.testng.reporters.JUnitXMLReporter -->
<testsuite ignored="2" hostname="LAPTOP-21TTL97P" failures="0" tests="2" name="Default test" time="6.403" errors="0" timestamp="30 Apr 2023 04:19:47 GMT">
  <testcase classname="TestCases.LoginTest" name="Negative" time="0.538"/>
  <testcase classname="TestCases.LoginTest" name="Positive" time="0.38"/>
  <testcase classname="TestCases.Baseclass" name="@BeforeTest ReportSetup" time="0.0">
    <ignored/>
  </testcase> <!-- @BeforeTest ReportSetup -->
  <testcase classname="TestCases.Baseclass" name="@AfterTest ReportClean" time="0.0">
    <ignored/>
  </testcase> <!-- @AfterTest ReportClean -->
</testsuite> <!-- Default test -->
