<?xml version="1.0" encoding="UTF-8"?>
<testng-results ignored="2" total="4" passed="2" failed="0" skipped="0">
  <reporter-output>
  </reporter-output>
  <suite started-at="2023-04-30T04:19:41Z" name="Default suite" finished-at="2023-04-30T04:19:47Z" duration-ms="6403">
    <groups>
    </groups>
    <test started-at="2023-04-30T04:19:41Z" name="Default test" finished-at="2023-04-30T04:19:47Z" duration-ms="6403">
      <class name="TestCases.LoginTest">
        <test-method is-config="true" signature="ReportSetup()[pri:0, instance:TestCases.LoginTest@37e4d7bb]" started-at="2023-04-30T04:19:41Z" name="ReportSetup" finished-at="2023-04-30T04:19:41Z" duration-ms="644" status="PASS">
          <reporter-output>
          </reporter-output>
        </test-method> <!-- ReportSetup -->
        <test-method is-config="true" signature="SetUp(java.lang.reflect.Method)[pri:0, instance:TestCases.LoginTest@37e4d7bb]" started-at="2023-04-30T04:19:41Z" name="SetUp" finished-at="2023-04-30T04:19:43Z" duration-ms="2218" status="PASS">
          <params>
            <param index="0">
              <value>
                <![CDATA[public void TestCases.LoginTest.Negative() throws com.codoid.products.exception.FilloException]]>
              </value>
            </param>
          </params>
          <reporter-output>
          </reporter-output>
        </test-method> <!-- SetUp -->
        <test-method signature="Negative()[pri:0, instance:TestCases.LoginTest@37e4d7bb]" started-at="2023-04-30T04:19:43Z" name="Negative" finished-at="2023-04-30T04:19:44Z" duration-ms="538" status="PASS">
          <reporter-output>
          </reporter-output>
        </test-method> <!-- Negative -->
        <test-method is-config="true" signature="TearDown()[pri:0, instance:TestCases.LoginTest@37e4d7bb]" started-at="2023-04-30T04:19:44Z" name="TearDown" finished-at="2023-04-30T04:19:44Z" duration-ms="259" status="PASS">
          <reporter-output>
          </reporter-output>
        </test-method> <!-- TearDown -->
        <test-method is-config="true" signature="SetUp(java.lang.reflect.Method)[pri:0, instance:TestCases.LoginTest@37e4d7bb]" started-at="2023-04-30T04:19:44Z" name="SetUp" finished-at="2023-04-30T04:19:46Z" duration-ms="1850" status="PASS">
          <params>
            <param index="0">
              <value>
                <![CDATA[public void TestCases.LoginTest.Positive() throws com.codoid.products.exception.FilloException]]>
              </value>
            </param>
          </params>
          <reporter-output>
          </reporter-output>
        </test-method> <!-- SetUp -->
        <test-method signature="Positive()[pri:0, instance:TestCases.LoginTest@37e4d7bb]" started-at="2023-04-30T04:19:46Z" name="Positive" finished-at="2023-04-30T04:19:46Z" duration-ms="380" status="PASS">
          <reporter-output>
          </reporter-output>
        </test-method> <!-- Positive -->
        <test-method is-config="true" signature="TearDown()[pri:0, instance:TestCases.LoginTest@37e4d7bb]" started-at="2023-04-30T04:19:46Z" name="TearDown" finished-at="2023-04-30T04:19:47Z" duration-ms="241" status="PASS">
          <reporter-output>
          </reporter-output>
        </test-method> <!-- TearDown -->
        <test-method is-config="true" signature="ReportClean()[pri:0, instance:TestCases.LoginTest@37e4d7bb]" started-at="2023-04-30T04:19:47Z" name="ReportClean" finished-at="2023-04-30T04:19:47Z" duration-ms="255" status="PASS">
          <reporter-output>
          </reporter-output>
        </test-method> <!-- ReportClean -->
      </class> <!-- TestCases.LoginTest -->
    </test> <!-- Default test -->
  </suite> <!-- Default suite -->
</testng-results>
